#
# There is insufficient memory for the Java Runtime Environment to continue.
# Native memory allocation (malloc) failed to allocate 1029776 bytes for Chunk::new
# Possible reasons:
#   The system is out of physical RAM or swap space
#   In 32 bit mode, the process size limit was hit
# Possible solutions:
#   Reduce memory load on the system
#   Increase physical memory or swap space
#   Check if swap backing store is full
#   Use 64 bit Java on a 64 bit OS
#   Decrease Java heap size (-Xmx/-Xms)
#   Decrease number of Java threads
#   Decrease Java thread stack sizes (-Xss)
#   Set larger code cache with -XX:ReservedCodeCacheSize=
# This output file may be truncated or incomplete.
#
#  Out of Memory Error (allocation.cpp:390), pid=174368, tid=0x00000000000229b8
#
# JRE version: Java(TM) SE Runtime Environment (8.0_181-b13) (build 1.8.0_181-b13)
# Java VM: Java HotSpot(TM) 64-Bit Server VM (25.181-b13 mixed mode windows-amd64 compressed oops)
# Failed to write core dump. Minidumps are not enabled by default on client versions of Windows
#

---------------  T H R E A D  ---------------

Current thread (0x00000000178eb000):  JavaThread "C2 CompilerThread0" daemon [_thread_in_native, id=141752, stack(0x0000000019270000,0x0000000019370000)]

Stack: [0x0000000019270000,0x0000000019370000]
[error occurred during error reporting (printing stack bounds), id 0xc0000005]

Native frames: (J=compiled Java code, j=interpreted, Vv=VM code, C=native code)


Current CompileTask:
C2: 259294 5809   !   4       java.lang.ClassLoader::loadClass (122 bytes)


---------------  P R O C E S S  ---------------

Java Threads: ( => current thread )
  0x000000001bd63000 JavaThread "DestroyJavaVM" [_thread_blocked, id=175128, stack(0x0000000000f70000,0x0000000001070000)]
  0x000000001bd68800 JavaThread "http-nio-8080-AsyncTimeout" daemon [_thread_blocked, id=172524, stack(0x0000000026240000,0x0000000026340000)]
  0x000000001bd5b800 JavaThread "http-nio-8080-Acceptor-0" daemon [_thread_in_native, id=167220, stack(0x0000000026140000,0x0000000026240000)]
  0x000000001bd62800 JavaThread "http-nio-8080-ClientPoller-1" daemon [_thread_in_native, id=171940, stack(0x0000000026040000,0x0000000026140000)]
  0x000000001bd61800 JavaThread "http-nio-8080-ClientPoller-0" daemon [_thread_in_native, id=173400, stack(0x0000000025f40000,0x0000000026040000)]
  0x000000001bd5f800 JavaThread "http-nio-8080-exec-10" daemon [_thread_blocked, id=172500, stack(0x0000000025e40000,0x0000000025f40000)]
  0x000000001bd5e800 JavaThread "http-nio-8080-exec-9" daemon [_thread_blocked, id=172876, stack(0x0000000025d40000,0x0000000025e40000)]
  0x000000001bd5a000 JavaThread "http-nio-8080-exec-8" daemon [_thread_in_vm, id=173552, stack(0x0000000025c40000,0x0000000025d40000)]
  0x000000001bd61000 JavaThread "http-nio-8080-exec-7" daemon [_thread_blocked, id=162480, stack(0x0000000025b40000,0x0000000025c40000)]
  0x000000001bd5e000 JavaThread "http-nio-8080-exec-6" daemon [_thread_blocked, id=175832, stack(0x0000000025a40000,0x0000000025b40000)]
  0x000000001bd5a800 JavaThread "http-nio-8080-exec-5" daemon [_thread_blocked, id=175084, stack(0x0000000025940000,0x0000000025a40000)]
  0x000000001bd59000 JavaThread "http-nio-8080-exec-4" daemon [_thread_blocked, id=174044, stack(0x0000000025840000,0x0000000025940000)]
  0x000000001bd60000 JavaThread "http-nio-8080-exec-3" daemon [_thread_blocked, id=174480, stack(0x0000000025740000,0x0000000025840000)]
  0x000000001bd5c000 JavaThread "http-nio-8080-exec-2" daemon [_thread_blocked, id=160780, stack(0x0000000025640000,0x0000000025740000)]
  0x000000001bd5d000 JavaThread "http-nio-8080-exec-1" daemon [_thread_blocked, id=170064, stack(0x0000000025540000,0x0000000025640000)]
  0x000000001ee83800 JavaThread "NioBlockingSelector.BlockPoller-1" daemon [_thread_in_native, id=170764, stack(0x00000000252e0000,0x00000000253e0000)]
  0x000000001ee84800 JavaThread "Live Reload Server" daemon [_thread_in_native, id=177128, stack(0x0000000024f10000,0x0000000025010000)]
  0x000000001ee80800 JavaThread "File Watcher" daemon [_thread_blocked, id=175872, stack(0x0000000022a80000,0x0000000022b80000)]
  0x000000001ee82000 JavaThread "Druid-ConnectionPool-Destroy-600303256" daemon [_thread_blocked, id=174716, stack(0x0000000021690000,0x0000000021790000)]
  0x000000001ee86000 JavaThread "Druid-ConnectionPool-Create-600303256" daemon [_thread_blocked, id=172908, stack(0x0000000021590000,0x0000000021690000)]
  0x000000001ee81800 JavaThread "Abandoned connection cleanup thread" daemon [_thread_blocked, id=172852, stack(0x0000000021290000,0x0000000021390000)]
  0x000000001ee85000 JavaThread "container-0" [_thread_blocked, id=176044, stack(0x0000000021190000,0x0000000021290000)]
  0x000000001ee83000 JavaThread "ContainerBackgroundProcessor[StandardEngine[Tomcat]]" daemon [_thread_blocked, id=156308, stack(0x0000000020f70000,0x0000000021070000)]
  0x0000000018cc6000 JavaThread "Service Thread" daemon [_thread_blocked, id=163612, stack(0x0000000019570000,0x0000000019670000)]
  0x0000000017901800 JavaThread "C1 CompilerThread2" daemon [_thread_blocked, id=175464, stack(0x0000000019470000,0x0000000019570000)]
  0x00000000178ed000 JavaThread "C2 CompilerThread1" daemon [_thread_in_native, id=161036, stack(0x0000000019370000,0x0000000019470000)]
=>0x00000000178eb000 JavaThread "C2 CompilerThread0" daemon [_thread_in_native, id=141752, stack(0x0000000019270000,0x0000000019370000)]
  0x0000000018cb3800 JavaThread "Attach Listener" daemon [_thread_blocked, id=153560, stack(0x0000000019170000,0x0000000019270000)]
  0x00000000178d5000 JavaThread "Signal Dispatcher" daemon [_thread_blocked, id=169752, stack(0x0000000019070000,0x0000000019170000)]
  0x0000000002cba800 JavaThread "Finalizer" daemon [_thread_blocked, id=160148, stack(0x0000000018b10000,0x0000000018c10000)]
  0x0000000002cb7000 JavaThread "Reference Handler" daemon [_thread_blocked, id=177140, stack(0x0000000018a10000,0x0000000018b10000)]

Other Threads:
  0x0000000017886800 VMThread [stack: 0x0000000018910000,0x0000000018a10000] [id=176312]
  0x0000000018d09000 WatcherThread [stack: 0x0000000019670000,0x0000000019770000] [id=175184]

VM state:not at safepoint (normal execution)

VM Mutex/Monitor currently owned by a thread:  ([mutex/lock_event])
[0x0000000002bc4a60] CompiledIC_lock - owner thread: 0x00000000178ed000

Heap:
 PSYoungGen      total 396288K, used 22633K [0x00000000d5600000, 0x00000000f1e00000, 0x0000000100000000)
  eden space 380416K, 1% used [0x00000000d5600000,0x00000000d5ccbbf8,0x00000000ec980000)
  from space 15872K, 98% used [0x00000000f0e80000,0x00000000f1dceb68,0x00000000f1e00000)
  to   space 21504K, 0% used [0x00000000ef400000,0x00000000ef400000,0x00000000f0900000)
 ParOldGen       total 117248K, used 35936K [0x0000000080200000, 0x0000000087480000, 0x00000000d5600000)
  object space 117248K, 30% used [0x0000000080200000,0x0000000082518290,0x0000000087480000)
 Metaspace       used 66855K, capacity 69544K, committed 69784K, reserved 1110016K
  class space    used 8792K, capacity 9243K, committed 9368K, reserved 1048576K

Card table byte_map: [0x0000000012080000,0x0000000012480000] byte_map_base: 0x0000000011c7f000

Marking Bits: (ParMarkBitMap*) 0x0000000075302d00
 Begin Bits: [0x0000000012b30000, 0x0000000014b28000)
 End Bits:   [0x0000000014b28000, 0x0000000016b20000)

Polling page: 0x00000000007f0000

CodeCache: size=245760Kb used=17325Kb max_used=17851Kb free=228434Kb
 bounds [0x0000000002cc0000, 0x0000000003e80000, 0x0000000011cc0000]
 total_blobs=5596 nmethods=5002 adapters=507
 compilation: enabled

Compilation events (10 events):
Event: 259.254 Thread 0x0000000017901800 5880       3       org.hibernate.validator.internal.metadata.aggregated.rule.VoidMethodsMustNotBeReturnValueConstrained::apply (62 bytes)
Event: 259.254 Thread 0x0000000017901800 nmethod 5880 0x0000000003a9b9d0 code [0x0000000003a9bba0, 0x0000000003a9c438]
Event: 259.254 Thread 0x0000000017901800 5881       3       org.apache.catalina.loader.WebappClassLoaderBase::binaryNameToPath (52 bytes)
Event: 259.255 Thread 0x0000000017901800 nmethod 5881 0x000000000396e490 code [0x000000000396e6c0, 0x000000000396f4f8]
Event: 259.261 Thread 0x0000000017901800 5884       3       org.springframework.boot.ansi.AnsiOutput::isEnabled (46 bytes)
Event: 259.261 Thread 0x0000000017901800 nmethod 5884 0x0000000003a9b350 code [0x0000000003a9b4e0, 0x0000000003a9b8e8]
Event: 259.261 Thread 0x0000000017901800 5885       3       org.springframework.boot.ansi.AnsiOutput::buildDisabled (47 bytes)
Event: 259.262 Thread 0x0000000017901800 nmethod 5885 0x000000000396d910 code [0x000000000396dac0, 0x000000000396e1d8]
Event: 259.262 Thread 0x0000000017901800 5886       3       org.springframework.boot.logging.logback.ColorConverter::transform (60 bytes)
Event: 259.262 Thread 0x0000000017901800 nmethod 5886 0x000000000396c150 code [0x000000000396c380, 0x000000000396d338]

GC Heap History (10 events):
Event: 7.727 GC heap before
{Heap before GC invocations=11 (full 2):
 PSYoungGen      total 238592K, used 12070K [0x00000000d5600000, 0x00000000ea400000, 0x0000000100000000)
  eden space 224256K, 0% used [0x00000000d5600000,0x00000000d5600000,0x00000000e3100000)
  from space 14336K, 84% used [0x00000000e3100000,0x00000000e3cc9838,0x00000000e3f00000)
  to   space 15872K, 0% used [0x00000000e9480000,0x00000000e9480000,0x00000000ea400000)
 ParOldGen       total 51712K, used 11642K [0x0000000080200000, 0x0000000083480000, 0x00000000d5600000)
  object space 51712K, 22% used [0x0000000080200000,0x0000000080d5eac8,0x0000000083480000)
 Metaspace       used 33947K, capacity 35472K, committed 35496K, reserved 1079296K
  class space    used 4454K, capacity 4756K, committed 4776K, reserved 1048576K
Event: 7.785 GC heap after
Heap after GC invocations=11 (full 2):
 PSYoungGen      total 238592K, used 0K [0x00000000d5600000, 0x00000000ea400000, 0x0000000100000000)
  eden space 224256K, 0% used [0x00000000d5600000,0x00000000d5600000,0x00000000e3100000)
  from space 14336K, 0% used [0x00000000e3100000,0x00000000e3100000,0x00000000e3f00000)
  to   space 15872K, 0% used [0x00000000e9480000,0x00000000e9480000,0x00000000ea400000)
 ParOldGen       total 78336K, used 17175K [0x0000000080200000, 0x0000000084e80000, 0x00000000d5600000)
  object space 78336K, 21% used [0x0000000080200000,0x00000000812c5fd8,0x0000000084e80000)
 Metaspace       used 33947K, capacity 35472K, committed 35496K, reserved 1079296K
  class space    used 4454K, capacity 4756K, committed 4776K, reserved 1048576K
}
Event: 10.341 GC heap before
{Heap before GC invocations=12 (full 2):
 PSYoungGen      total 238592K, used 224256K [0x00000000d5600000, 0x00000000ea400000, 0x0000000100000000)
  eden space 224256K, 100% used [0x00000000d5600000,0x00000000e3100000,0x00000000e3100000)
  from space 14336K, 0% used [0x00000000e3100000,0x00000000e3100000,0x00000000e3f00000)
  to   space 15872K, 0% used [0x00000000e9480000,0x00000000e9480000,0x00000000ea400000)
 ParOldGen       total 78336K, used 17175K [0x0000000080200000, 0x0000000084e80000, 0x00000000d5600000)
  object space 78336K, 21% used [0x0000000080200000,0x00000000812c5fd8,0x0000000084e80000)
 Metaspace       used 43315K, capacity 44932K, committed 45096K, reserved 1089536K
  class space    used 5521K, capacity 5838K, committed 5928K, reserved 1048576K
Event: 10.375 GC heap after
Heap after GC invocations=12 (full 2):
 PSYoungGen      total 318976K, used 10987K [0x00000000d5600000, 0x00000000ea080000, 0x0000000100000000)
  eden space 306688K, 0% used [0x00000000d5600000,0x00000000d5600000,0x00000000e8180000)
  from space 12288K, 89% used [0x00000000e9480000,0x00000000e9f3ad60,0x00000000ea080000)
  to   space 15872K, 0% used [0x00000000e8180000,0x00000000e8180000,0x00000000e9100000)
 ParOldGen       total 78336K, used 17183K [0x0000000080200000, 0x0000000084e80000, 0x00000000d5600000)
  object space 78336K, 21% used [0x0000000080200000,0x00000000812c7fd8,0x0000000084e80000)
 Metaspace       used 43315K, capacity 44932K, committed 45096K, reserved 1089536K
  class space    used 5521K, capacity 5838K, committed 5928K, reserved 1048576K
}
Event: 13.372 GC heap before
{Heap before GC invocations=13 (full 2):
 PSYoungGen      total 318976K, used 259583K [0x00000000d5600000, 0x00000000ea080000, 0x0000000100000000)
  eden space 306688K, 81% used [0x00000000d5600000,0x00000000e48c4ff0,0x00000000e8180000)
  from space 12288K, 89% used [0x00000000e9480000,0x00000000e9f3ad60,0x00000000ea080000)
  to   space 15872K, 0% used [0x00000000e8180000,0x00000000e8180000,0x00000000e9100000)
 ParOldGen       total 78336K, used 17183K [0x0000000080200000, 0x0000000084e80000, 0x00000000d5600000)
  object space 78336K, 21% used [0x0000000080200000,0x00000000812c7fd8,0x0000000084e80000)
 Metaspace       used 56894K, capacity 59064K, committed 59160K, reserved 1099776K
  class space    used 7470K, capacity 7884K, committed 7960K, reserved 1048576K
Event: 13.502 GC heap after
Heap after GC invocations=13 (full 2):
 PSYoungGen      total 322560K, used 15869K [0x00000000d5600000, 0x00000000f2200000, 0x0000000100000000)
  eden space 306688K, 0% used [0x00000000d5600000,0x00000000d5600000,0x00000000e8180000)
  from space 15872K, 99% used [0x00000000e8180000,0x00000000e90ff528,0x00000000e9100000)
  to   space 19968K, 0% used [0x00000000f0e80000,0x00000000f0e80000,0x00000000f2200000)
 ParOldGen       total 78336K, used 22595K [0x0000000080200000, 0x0000000084e80000, 0x00000000d5600000)
  object space 78336K, 28% used [0x0000000080200000,0x0000000081810ed0,0x0000000084e80000)
 Metaspace       used 56894K, capacity 59064K, committed 59160K, reserved 1099776K
  class space    used 7470K, capacity 7884K, committed 7960K, reserved 1048576K
}
Event: 13.502 GC heap before
{Heap before GC invocations=14 (full 3):
 PSYoungGen      total 322560K, used 15869K [0x00000000d5600000, 0x00000000f2200000, 0x0000000100000000)
  eden space 306688K, 0% used [0x00000000d5600000,0x00000000d5600000,0x00000000e8180000)
  from space 15872K, 99% used [0x00000000e8180000,0x00000000e90ff528,0x00000000e9100000)
  to   space 19968K, 0% used [0x00000000f0e80000,0x00000000f0e80000,0x00000000f2200000)
 ParOldGen       total 78336K, used 22595K [0x0000000080200000, 0x0000000084e80000, 0x00000000d5600000)
  object space 78336K, 28% used [0x0000000080200000,0x0000000081810ed0,0x0000000084e80000)
 Metaspace       used 56894K, capacity 59064K, committed 59160K, reserved 1099776K
  class space    used 7470K, capacity 7884K, committed 7960K, reserved 1048576K
Event: 13.863 GC heap after
Heap after GC invocations=14 (full 3):
 PSYoungGen      total 322560K, used 0K [0x00000000d5600000, 0x00000000f2200000, 0x0000000100000000)
  eden space 306688K, 0% used [0x00000000d5600000,0x00000000d5600000,0x00000000e8180000)
  from space 15872K, 0% used [0x00000000e8180000,0x00000000e8180000,0x00000000e9100000)
  to   space 19968K, 0% used [0x00000000f0e80000,0x00000000f0e80000,0x00000000f2200000)
 ParOldGen       total 117248K, used 35928K [0x0000000080200000, 0x0000000087480000, 0x00000000d5600000)
  object space 117248K, 30% used [0x0000000080200000,0x0000000082516290,0x0000000087480000)
 Metaspace       used 56886K, capacity 59052K, committed 59160K, reserved 1099776K
  class space    used 7469K, capacity 7882K, committed 7960K, reserved 1048576K
}
Event: 259.202 GC heap before
{Heap before GC invocations=15 (full 3):
 PSYoungGen      total 322560K, used 306688K [0x00000000d5600000, 0x00000000f2200000, 0x0000000100000000)
  eden space 306688K, 100% used [0x00000000d5600000,0x00000000e8180000,0x00000000e8180000)
  from space 15872K, 0% used [0x00000000e8180000,0x00000000e8180000,0x00000000e9100000)
  to   space 19968K, 0% used [0x00000000f0e80000,0x00000000f0e80000,0x00000000f2200000)
 ParOldGen       total 117248K, used 35928K [0x0000000080200000, 0x0000000087480000, 0x00000000d5600000)
  object space 117248K, 30% used [0x0000000080200000,0x0000000082516290,0x0000000087480000)
 Metaspace       used 66580K, capacity 69308K, committed 69400K, reserved 1110016K
  class space    used 8762K, capacity 9209K, committed 9240K, reserved 1048576K
Event: 259.223 GC heap after
Heap after GC invocations=15 (full 3):
 PSYoungGen      total 396288K, used 15674K [0x00000000d5600000, 0x00000000f1e00000, 0x0000000100000000)
  eden space 380416K, 0% used [0x00000000d5600000,0x00000000d5600000,0x00000000ec980000)
  from space 15872K, 98% used [0x00000000f0e80000,0x00000000f1dceb68,0x00000000f1e00000)
  to   space 21504K, 0% used [0x00000000ef400000,0x00000000ef400000,0x00000000f0900000)
 ParOldGen       total 117248K, used 35936K [0x0000000080200000, 0x0000000087480000, 0x00000000d5600000)
  object space 117248K, 30% used [0x0000000080200000,0x0000000082518290,0x0000000087480000)
 Metaspace       used 66580K, capacity 69308K, committed 69400K, reserved 1110016K
  class space    used 8762K, capacity 9209K, committed 9240K, reserved 1048576K
}

Deoptimization events (10 events):
Event: 119.255 Thread 0x000000001bd5f800 Uncommon trap: reason=unstable_if action=reinterpret pc=0x00000000030b7de0 method=java.util.regex.Pattern$BmpCharProperty.match(Ljava/util/regex/Matcher;ILjava/lang/CharSequence;)Z @ 34
Event: 119.918 Thread 0x000000001bd5f800 Uncommon trap: reason=bimorphic action=maybe_recompile pc=0x000000000382f07c method=java.util.AbstractList$Itr.next()Ljava/lang/Object; @ 14
Event: 119.942 Thread 0x000000001bd5f800 Uncommon trap: reason=class_check action=maybe_recompile pc=0x0000000003a4ca68 method=java.lang.ClassLoader.loadClass(Ljava/lang/String;Z)Ljava/lang/Class; @ 38
Event: 119.943 Thread 0x000000001bd5f800 Uncommon trap: reason=class_check action=maybe_recompile pc=0x0000000003a4ca68 method=java.lang.ClassLoader.loadClass(Ljava/lang/String;Z)Ljava/lang/Class; @ 38
Event: 119.945 Thread 0x000000001bd5f800 Uncommon trap: reason=class_check action=maybe_recompile pc=0x0000000003a4ca68 method=java.lang.ClassLoader.loadClass(Ljava/lang/String;Z)Ljava/lang/Class; @ 38
Event: 119.945 Thread 0x000000001bd5f800 Uncommon trap: reason=class_check action=maybe_recompile pc=0x0000000003a4ca68 method=java.lang.ClassLoader.loadClass(Ljava/lang/String;Z)Ljava/lang/Class; @ 38
Event: 259.110 Thread 0x000000001bd5a000 Uncommon trap: reason=bimorphic action=maybe_recompile pc=0x00000000039b4f08 method=java.nio.charset.CharsetDecoder.reset()Ljava/nio/charset/CharsetDecoder; @ 1
Event: 259.110 Thread 0x000000001bd5a000 Uncommon trap: reason=unstable_if action=reinterpret pc=0x00000000030b6ec0 method=java.nio.Buffer.limit(I)Ljava/nio/Buffer; @ 33
Event: 259.121 Thread 0x000000001bd5a000 Uncommon trap: reason=unstable_if action=reinterpret pc=0x0000000003212a14 method=java.nio.Buffer.<init>(IIII)V @ 66
Event: 259.272 Thread 0x000000001bd5a000 Uncommon trap: reason=bimorphic action=maybe_recompile pc=0x000000000382f07c method=java.util.AbstractList$Itr.next()Ljava/lang/Object; @ 14

Classes redefined (0 events):
No events

Internal exceptions (10 events):
Event: 259.165 Thread 0x000000001bd5a000 Exception <a 'java/lang/NullPointerException'> (0x00000000e7fa7858) thrown at [C:\re\workspace\8-2-build-windows-amd64-cygwin\jdk8u181\11358\hotspot\src\share\vm\runtime\sharedRuntime.cpp, line 605]
Event: 259.231 Thread 0x000000001bd5a000 Exception <a 'java/lang/ClassNotFoundException': java/lang/ObjectCustomizer> (0x00000000d56847f0) thrown at [C:\re\workspace\8-2-build-windows-amd64-cygwin\jdk8u181\11358\hotspot\src\share\vm\classfile\systemDictionary.cpp, line 210]
Event: 259.233 Thread 0x000000001bd5a000 Exception <a 'java/lang/ClassNotFoundException': org/hibernate/validator/internal/constraintvalidators/bv/NotBlankValidatorCustomizer> (0x00000000d56bd3d8) thrown at [C:\re\workspace\8-2-build-windows-amd64-cygwin\jdk8u181\11358\hotspot\src\share\vm\class
Event: 259.234 Thread 0x000000001bd5a000 Exception <a 'java/lang/ClassNotFoundException': javax/validation/ConstraintValidatorCustomizer> (0x00000000d56e30e8) thrown at [C:\re\workspace\8-2-build-windows-amd64-cygwin\jdk8u181\11358\hotspot\src\share\vm\classfile\systemDictionary.cpp, line 210]
Event: 259.244 Thread 0x000000001bd5a000 Exception <a 'java/lang/ClassNotFoundException': java/lang/ObjectCustomizer> (0x00000000d5836b60) thrown at [C:\re\workspace\8-2-build-windows-amd64-cygwin\jdk8u181\11358\hotspot\src\share\vm\classfile\systemDictionary.cpp, line 210]
Event: 259.246 Thread 0x000000001bd5a000 Exception <a 'java/lang/ClassNotFoundException': org/hibernate/validator/internal/constraintvalidators/hv/LengthValidatorCustomizer> (0x00000000d586d000) thrown at [C:\re\workspace\8-2-build-windows-amd64-cygwin\jdk8u181\11358\hotspot\src\share\vm\classfi
Event: 259.247 Thread 0x000000001bd5a000 Exception <a 'java/lang/ClassNotFoundException': javax/validation/ConstraintValidatorCustomizer> (0x00000000d5893410) thrown at [C:\re\workspace\8-2-build-windows-amd64-cygwin\jdk8u181\11358\hotspot\src\share\vm\classfile\systemDictionary.cpp, line 210]
Event: 259.253 Thread 0x000000001bd5a000 Exception <a 'java/lang/ClassNotFoundException': java/lang/ObjectCustomizer> (0x00000000d58e5050) thrown at [C:\re\workspace\8-2-build-windows-amd64-cygwin\jdk8u181\11358\hotspot\src\share\vm\classfile\systemDictionary.cpp, line 210]
Event: 259.254 Thread 0x000000001bd5a000 Exception <a 'java/lang/ClassNotFoundException': com/huatec/model/BaseModelCustomizer> (0x00000000d5907010) thrown at [C:\re\workspace\8-2-build-windows-amd64-cygwin\jdk8u181\11358\hotspot\src\share\vm\classfile\systemDictionary.cpp, line 210]
Event: 259.256 Thread 0x000000001bd5a000 Exception <a 'java/lang/ClassNotFoundException': com/huatec/model/UserCustomizer> (0x00000000d592d0f8) thrown at [C:\re\workspace\8-2-build-windows-amd64-cygwin\jdk8u181\11358\hotspot\src\share\vm\classfile\systemDictionary.cpp, line 210]

Events (10 events):
Event: 259.288 loading class com/fasterxml/jackson/annotation/JsonProperty
Event: 259.288 loading class com/fasterxml/jackson/annotation/JsonProperty done
Event: 259.288 loading class com/fasterxml/jackson/annotation/JsonAutoDetect$1
Event: 259.288 loading class com/fasterxml/jackson/annotation/JsonAutoDetect$1 done
Event: 259.289 loading class com/fasterxml/jackson/annotation/JsonIgnore
Event: 259.289 loading class com/fasterxml/jackson/annotation/JsonIgnore done
Event: 259.289 loading class com/fasterxml/jackson/databind/introspect/POJOPropertyBuilder
Event: 259.289 loading class com/fasterxml/jackson/databind/introspect/POJOPropertyBuilder done
Event: 259.291 loading class com/fasterxml/jackson/databind/introspect/POJOPropertyBuilder$WithMember
Event: 259.291 loading class com/fasterxml/jackson/databind/introspect/POJOPropertyBuilder$WithMember done


Dynamic libraries:
0x00007ff712310000 - 0x00007ff712347000 	C:\Java\jdk1.8.0_181\bin\javaw.exe
0x00007ff803e10000 - 0x00007ff803ffd000 	C:\WINDOWS\SYSTEM32\ntdll.dll
0x00007ff803040000 - 0x00007ff8030f3000 	C:\WINDOWS\System32\KERNEL32.DLL
0x00007ff8004d0000 - 0x00007ff800763000 	C:\WINDOWS\System32\KERNELBASE.dll
0x00007ff8019c0000 - 0x00007ff801a63000 	C:\WINDOWS\System32\ADVAPI32.dll
0x00007ff801130000 - 0x00007ff8011ce000 	C:\WINDOWS\System32\msvcrt.dll
0x00007ff803580000 - 0x00007ff80361e000 	C:\WINDOWS\System32\sechost.dll
0x00007ff801560000 - 0x00007ff801682000 	C:\WINDOWS\System32\RPCRT4.dll
0x00007ff801230000 - 0x00007ff8013c7000 	C:\WINDOWS\System32\USER32.dll
0x00007ff800450000 - 0x00007ff800470000 	C:\WINDOWS\System32\win32u.dll
0x00007ff801b20000 - 0x00007ff801b49000 	C:\WINDOWS\System32\GDI32.dll
0x00007fffffe50000 - 0x00007ffffffe9000 	C:\WINDOWS\System32\gdi32full.dll
0x00007ff800180000 - 0x00007ff800220000 	C:\WINDOWS\System32\msvcp_win.dll
0x00007ff8002d0000 - 0x00007ff8003ca000 	C:\WINDOWS\System32\ucrtbase.dll
0x00007ffff0e70000 - 0x00007ffff10e9000 	C:\WINDOWS\WinSxS\amd64_microsoft.windows.common-controls_6595b64144ccf1df_6.0.17763.678_none_05b74150071d72bf\COMCTL32.dll
0x00007ff801690000 - 0x00007ff8019bc000 	C:\WINDOWS\System32\combase.dll
0x00007ff8003d0000 - 0x00007ff80044e000 	C:\WINDOWS\System32\bcryptPrimitives.dll
0x00007ff801a70000 - 0x00007ff801a9e000 	C:\WINDOWS\System32\IMM32.DLL
0x0000000075390000 - 0x0000000075462000 	C:\Java\jdk1.8.0_181\jre\bin\msvcr100.dll
0x0000000074ae0000 - 0x0000000075382000 	C:\Java\jdk1.8.0_181\jre\bin\server\jvm.dll
0x00007ff803ac0000 - 0x00007ff803ac8000 	C:\WINDOWS\System32\PSAPI.DLL
0x00007ffff62a0000 - 0x00007ffff62c4000 	C:\WINDOWS\SYSTEM32\WINMM.dll
0x00007ffffb340000 - 0x00007ffffb34a000 	C:\WINDOWS\SYSTEM32\VERSION.dll
0x00007ffff5370000 - 0x00007ffff5379000 	C:\WINDOWS\SYSTEM32\WSOCK32.dll
0x00007ff803a50000 - 0x00007ff803abd000 	C:\WINDOWS\System32\WS2_32.dll
0x00007ffff5830000 - 0x00007ffff585d000 	C:\WINDOWS\SYSTEM32\winmmbase.dll
0x00007ff800980000 - 0x00007ff8009ca000 	C:\WINDOWS\System32\cfgmgr32.dll
0x0000000074ad0000 - 0x0000000074adf000 	C:\Java\jdk1.8.0_181\jre\bin\verify.dll
0x0000000074aa0000 - 0x0000000074ac9000 	C:\Java\jdk1.8.0_181\jre\bin\java.dll
0x0000000074a80000 - 0x0000000074a96000 	C:\Java\jdk1.8.0_181\jre\bin\zip.dll
0x00007ff801b50000 - 0x00007ff803040000 	C:\WINDOWS\System32\SHELL32.dll
0x00007ff803990000 - 0x00007ff803a38000 	C:\WINDOWS\System32\shcore.dll
0x00007ff8009d0000 - 0x00007ff80111a000 	C:\WINDOWS\System32\windows.storage.dll
0x00007ff800090000 - 0x00007ff8000b4000 	C:\WINDOWS\System32\profapi.dll
0x00007ff8000e0000 - 0x00007ff80013d000 	C:\WINDOWS\System32\powrprof.dll
0x00007ff8011d0000 - 0x00007ff801222000 	C:\WINDOWS\System32\shlwapi.dll
0x00007ff800140000 - 0x00007ff800151000 	C:\WINDOWS\System32\kernel.appcore.dll
0x00007ff800160000 - 0x00007ff800177000 	C:\WINDOWS\System32\cryptsp.dll
0x0000000074a70000 - 0x0000000074a7d000 	C:\Java\jdk1.8.0_181\jre\bin\management.dll
0x0000000074a50000 - 0x0000000074a6a000 	C:\Java\jdk1.8.0_181\jre\bin\net.dll
0x00007fffff6f0000 - 0x00007fffff757000 	C:\WINDOWS\system32\mswsock.dll
0x00007ffff40f0000 - 0x00007ffff4106000 	C:\WINDOWS\system32\napinsp.dll
0x00007ffff40d0000 - 0x00007ffff40ea000 	C:\WINDOWS\system32\pnrpnsp.dll
0x00007fffff450000 - 0x00007fffff516000 	C:\WINDOWS\SYSTEM32\DNSAPI.dll
0x00007ff801120000 - 0x00007ff801128000 	C:\WINDOWS\System32\NSI.dll
0x00007fffff410000 - 0x00007fffff44d000 	C:\WINDOWS\SYSTEM32\IPHLPAPI.DLL
0x00007ffff3da0000 - 0x00007ffff3dae000 	C:\WINDOWS\System32\winrnr.dll
0x00007ffffbed0000 - 0x00007ffffbeeb000 	C:\WINDOWS\system32\NLAapi.dll
0x00007ffff3d80000 - 0x00007ffff3d95000 	C:\WINDOWS\system32\wshbth.dll
0x00007ffff8a70000 - 0x00007ffff8a7a000 	C:\Windows\System32\rasadhlp.dll
0x00007ffff9340000 - 0x00007ffff93b9000 	C:\WINDOWS\System32\fwpuclnt.dll
0x00007ff800770000 - 0x00007ff800796000 	C:\WINDOWS\System32\bcrypt.dll
0x0000000074a30000 - 0x0000000074a41000 	C:\Java\jdk1.8.0_181\jre\bin\nio.dll
0x00007fffff270000 - 0x00007fffff2a3000 	C:\WINDOWS\system32\rsaenh.dll
0x00007fffffe10000 - 0x00007fffffe38000 	C:\WINDOWS\SYSTEM32\USERENV.dll
0x00007fffff8c0000 - 0x00007fffff8cc000 	C:\WINDOWS\SYSTEM32\CRYPTBASE.dll
0x00007ffffbb10000 - 0x00007ffffbb26000 	C:\WINDOWS\SYSTEM32\dhcpcsvc6.DLL
0x00007ffffbaf0000 - 0x00007ffffbb0c000 	C:\WINDOWS\SYSTEM32\dhcpcsvc.DLL

VM Arguments:
jvm_args: -Dfile.encoding=UTF-8 -Xbootclasspath:C:\Java\jdk1.8.0_181\jre\lib\resources.jar;C:\Java\jdk1.8.0_181\jre\lib\rt.jar;C:\Java\jdk1.8.0_181\jre\lib\jsse.jar;C:\Java\jdk1.8.0_181\jre\lib\jce.jar;C:\Java\jdk1.8.0_181\jre\lib\charsets.jar;C:\Java\jdk1.8.0_181\jre\lib\jfr.jar;C:\Java\jdk1.8.0_181\lib\dt.jar;C:\Java\jdk1.8.0_181\lib\tools.jar 
java_command: com.huatec.Application
java_class_path (initial): C:\Java\jdk1.8.0_181\jre\lib\resources.jar;C:\Java\jdk1.8.0_181\jre\lib\rt.jar;C:\Java\jdk1.8.0_181\jre\lib\jsse.jar;C:\Java\jdk1.8.0_181\jre\lib\jce.jar;C:\Java\jdk1.8.0_181\jre\lib\charsets.jar;C:\Java\jdk1.8.0_181\jre\lib\jfr.jar;C:\Java\jdk1.8.0_181\lib\dt.jar;C:\Java\jdk1.8.0_181\lib\tools.jar;D:\eclipse-workspace\perm\target\classes;D:\repo\org\apache\maven\plugins\maven-war-plugin\3.0.0\maven-war-plugin-3.0.0.jar;D:\repo\org\apache\maven\maven-plugin-api\3.0\maven-plugin-api-3.0.jar;D:\repo\org\apache\maven\maven-model\3.0\maven-model-3.0.jar;D:\repo\org\apache\maven\maven-artifact\3.0\maven-artifact-3.0.jar;D:\repo\org\sonatype\sisu\sisu-inject-plexus\1.4.2\sisu-inject-plexus-1.4.2.jar;D:\repo\org\sonatype\sisu\sisu-inject-bean\1.4.2\sisu-inject-bean-1.4.2.jar;D:\repo\org\sonatype\sisu\sisu-guice\2.1.7\sisu-guice-2.1.7-noaop.jar;D:\repo\org\apache\maven\maven-core\3.0\maven-core-3.0.jar;D:\repo\org\apache\maven\maven-settings\3.0\maven-settings-3.0.jar;D:\repo\org\apache\maven\maven-settings-builder\3.0\maven-settings-builder-3.0.jar;D:\repo\org\apache\maven\maven-repository-metadata\3.0\maven-repository-metadata-3.0.jar;D:\repo\org\apache\maven\maven-model-builder\3.0\maven-model-builder-3.0.jar;D:\repo\org\apache\maven\maven-aether-provider\3.0\maven-aether-provider-3.0.jar;D:\repo\org\sonatype\aether\aether-impl\1.7\aether-impl-1.7.jar;D:\repo\org\sonatype\aether\aether-spi\1.7\aether-spi-1.7.jar;D:\repo\org\sonatype\aether\aether-api\1.7\aether-api-1.7.jar;D:\repo\org\sonatype\aether\aether-util\1.7\aether-util-1.7.jar;D:\repo\org\codehaus\plexus\plexus-classworlds\2.2.3\plexus-classworlds-2.2.3.jar;D:\repo\org\codehaus\plexus\plexus-component-annotations\1.5.5\plexus-component-annotations-1.5.5.jar;D:\repo\org\sonatype\plexus\plexus-sec-dispatcher\1.3\plexus-sec-dispatcher-1.3.jar;D:\repo\org\sonatype\plexus\plexus-cipher\1.4\plexus-cipher-1.4.jar;D:\repo\org\apache\maven\maven-archiver\3.1.1\maven-archiver-3.1.1.jar;D:\repo
Launcher Type: SUN_STANDARD

Environment Variables:
JAVA_HOME=C:\Java\jdk1.8.0_181
CLASSPATH=.;C:\Java\jdk1.8.0_181\lib\dt.jar;C:\Java\jdk1.8.0_181\lib\tools.jar; C:\Java\jdk1.8.0_181\jre\bin
PATH=C:/Java/jre1.8.0_181/bin/server;C:/Java/jre1.8.0_181/bin;C:/Java/jre1.8.0_181/lib/amd64;d:\oracle_db_app\product\11.2.0\dbhome_1\bin;C:\Program Files (x86)\NetSarang\Xshell 6\;C:\Program Files (x86)\Common Files\Oracle\Java\javapath;C:\WINDOWS\system32;C:\WINDOWS;C:\WINDOWS\System32\Wbem;C:\WINDOWS\System32\WindowsPowerShell\v1.0\;C:\Java\jdk1.8.0_181\bin;C:\Java\jdk1.8.0_181\jre\bin;D:\apache-maven-3.6.1-bin\apache-maven-3.6.1\bin;C:\Program Files\Git\cmd;C:\Java\jdk1.8.0_181\lib\dt.jar;C:\Java\jdk1.8.0_181\lib\tools.jar;C:\Program Files\nodejs\;C:\WINDOWS\System32\OpenSSH\;D:\mysql-5.7.24-winx64\mysql-5.7.24-winx64\bin;C:\Users\Administrator\AppData\Roaming\npm;C:\Users\Administrator\AppData\Local\Microsoft\WindowsApps;;C:\Users\Administrator\.dotnet\tools;D:\eclipse-photon\eclipse;
USERNAME=Administrator
OS=Windows_NT
PROCESSOR_IDENTIFIER=Intel64 Family 6 Model 30 Stepping 5, GenuineIntel



---------------  S Y S T E M  ---------------

OS: Windows 10.0 , 64 bit Build 17763 (10.0.17763.475)

CPU:total 4 (initial active 4) (4 cores per cpu, 1 threads per core) family 6 model 30 stepping 5, cmov, cx8, fxsr, mmx, sse, sse2, sse3, ssse3, sse4.1, sse4.2, popcnt, tsc, tscinvbit

Memory: 4k page, physical 8379508k(484964k free), swap 12922520k(5200k free)

vm_info: Java HotSpot(TM) 64-Bit Server VM (25.181-b13) for windows-amd64 JRE (1.8.0_181-b13), built on Jul  7 2018 04:01:33 by "java_re" with MS VC++ 10.0 (VS2010)

time: Wed Aug 28 20:08:49 2019
elapsed time: 259 seconds (0d 0h 4m 19s)

